<?xml version="1.0" encoding="UTF-8"?>
<testng-results ignored="0" total="1" passed="0" failed="1" skipped="0">
  <reporter-output>
  </reporter-output>
  <suite started-at="2022-09-26T09:00:12 AEST" name="Default suite" finished-at="2022-09-26T09:00:29 AEST" duration-ms="17081">
    <groups>
    </groups>
    <test started-at="2022-09-26T09:00:12 AEST" name="Default test" finished-at="2022-09-26T09:00:29 AEST" duration-ms="17081">
      <class name="jupitortoystestcases.ShopTest">
        <test-method is-config="true" signature="openingBrowser()[pri:0, instance:jupitortoystestcases.ShopTest@5876a9af]" started-at="2022-09-26T09:00:12 AEST" name="openingBrowser" finished-at="2022-09-26T09:00:28 AEST" duration-ms="15399" status="PASS">
          <reporter-output>
          </reporter-output>
        </test-method> <!-- openingBrowser -->
        <test-method signature="emptyCart()[pri:0, instance:jupitortoystestcases.ShopTest@5876a9af]" started-at="2022-09-26T09:00:28 AEST" name="emptyCart" finished-at="2022-09-26T09:00:29 AEST" duration-ms="1354" status="FAIL">
          <exception class="java.lang.AssertionError">
            <message>
              <![CDATA[expected [Your cart is empty - there's nothing to see here.]] but found [×
Your cart is empty - there's nothing to see here.]]]>
            </message>
            <full-stacktrace>
              <![CDATA[java.lang.AssertionError: expected [Your cart is empty - there's nothing to see here.]] but found [×
Your cart is empty - there's nothing to see here.]
at org.testng.Assert.fail(Assert.java:99)
at org.testng.Assert.failNotEquals(Assert.java:1037)
at org.testng.Assert.assertEqualsImpl(Assert.java:140)
at org.testng.Assert.assertEquals(Assert.java:122)
at org.testng.Assert.assertEquals(Assert.java:629)
at org.testng.Assert.assertEquals(Assert.java:639)
at jupitortoystestcases.ShopTest.emptyCart(ShopTest.java:147)
at java.base/jdk.internal.reflect.NativeMethodAccessorImpl.invoke0(Native Method)
at java.base/jdk.internal.reflect.NativeMethodAccessorImpl.invoke(NativeMethodAccessorImpl.java:77)
at java.base/jdk.internal.reflect.DelegatingMethodAccessorImpl.invoke(DelegatingMethodAccessorImpl.java:43)
at java.base/java.lang.reflect.Method.invoke(Method.java:568)
at org.testng.internal.MethodInvocationHelper.invokeMethod(MethodInvocationHelper.java:133)
at org.testng.internal.TestInvoker.invokeMethod(TestInvoker.java:598)
at org.testng.internal.TestInvoker.invokeTestMethod(TestInvoker.java:173)
at org.testng.internal.MethodRunner.runInSequence(MethodRunner.java:46)
at org.testng.internal.TestInvoker$MethodInvocationAgent.invoke(TestInvoker.java:824)
at org.testng.internal.TestInvoker.invokeTestMethods(TestInvoker.java:146)
at org.testng.internal.TestMethodWorker.invokeTestMethods(TestMethodWorker.java:146)
at org.testng.internal.TestMethodWorker.run(TestMethodWorker.java:128)
at java.base/java.util.ArrayList.forEach(ArrayList.java:1511)
at org.testng.TestRunner.privateRun(TestRunner.java:794)
at org.testng.TestRunner.run(TestRunner.java:596)
at org.testng.SuiteRunner.runTest(SuiteRunner.java:377)
at org.testng.SuiteRunner.runSequentially(SuiteRunner.java:371)
at org.testng.SuiteRunner.privateRun(SuiteRunner.java:332)
at org.testng.SuiteRunner.run(SuiteRunner.java:276)
at org.testng.SuiteRunnerWorker.runSuite(SuiteRunnerWorker.java:53)
at org.testng.SuiteRunnerWorker.run(SuiteRunnerWorker.java:96)
at org.testng.TestNG.runSuitesSequentially(TestNG.java:1212)
at org.testng.TestNG.runSuitesLocally(TestNG.java:1134)
at org.testng.TestNG.runSuites(TestNG.java:1063)
at org.testng.TestNG.run(TestNG.java:1031)
at org.testng.remote.AbstractRemoteTestNG.run(AbstractRemoteTestNG.java:115)
at org.testng.remote.RemoteTestNG.initAndRun(RemoteTestNG.java:251)
at org.testng.remote.RemoteTestNG.main(RemoteTestNG.java:77)
]]>
            </full-stacktrace>
          </exception> <!-- java.lang.AssertionError -->
          <reporter-output>
          </reporter-output>
        </test-method> <!-- emptyCart -->
        <test-method is-config="true" signature="closeBrowser()[pri:0, instance:jupitortoystestcases.ShopTest@5876a9af]" started-at="2022-09-26T09:00:29 AEST" name="closeBrowser" finished-at="2022-09-26T09:00:29 AEST" duration-ms="273" status="PASS">
          <reporter-output>
          </reporter-output>
        </test-method> <!-- closeBrowser -->
      </class> <!-- jupitortoystestcases.ShopTest -->
    </test> <!-- Default test -->
  </suite> <!-- Default suite -->
</testng-results>
