<?xml version="1.0" encoding="UTF-8"?>
<testng-results ignored="0" total="7" passed="7" failed="0" skipped="0">
  <reporter-output>
  </reporter-output>
  <suite started-at="2022-08-29T16:19:14 AEST" name="planit" finished-at="2022-08-29T16:23:09 AEST" duration-ms="235227">
    <groups>
    </groups>
    <test started-at="2022-08-29T16:19:14 AEST" name="Assessment" finished-at="2022-08-29T16:23:09 AEST" duration-ms="235227">
      <class name="jupitortoystestcases.ContactPage">
        <test-method is-config="true" signature="openingBrowser()[pri:0, instance:jupitortoystestcases.ContactPage@6572421]" started-at="2022-08-29T16:19:14 AEST" name="openingBrowser" finished-at="2022-08-29T16:19:33 AEST" duration-ms="19415" status="PASS">
          <reporter-output>
          </reporter-output>
        </test-method> <!-- openingBrowser -->
        <test-method signature="validateSuccess()[pri:0, instance:jupitortoystestcases.ContactPage@6572421]" started-at="2022-08-29T16:19:33 AEST" name="validateSuccess" finished-at="2022-08-29T16:19:39 AEST" duration-ms="5706" status="PASS">
          <reporter-output>
          </reporter-output>
        </test-method> <!-- validateSuccess -->
        <test-method is-config="true" signature="closeBrowser()[pri:0, instance:jupitortoystestcases.ContactPage@6572421]" started-at="2022-08-29T16:19:39 AEST" name="closeBrowser" finished-at="2022-08-29T16:19:39 AEST" duration-ms="311" status="PASS">
          <reporter-output>
          </reporter-output>
        </test-method> <!-- closeBrowser -->
        <test-method is-config="true" signature="openingBrowser()[pri:0, instance:jupitortoystestcases.ContactPage@6572421]" started-at="2022-08-29T16:19:39 AEST" name="openingBrowser" finished-at="2022-08-29T16:19:49 AEST" duration-ms="9600" status="PASS">
          <reporter-output>
          </reporter-output>
        </test-method> <!-- openingBrowser -->
        <test-method signature="validateSuccess()[pri:0, instance:jupitortoystestcases.ContactPage@6572421]" started-at="2022-08-29T16:19:49 AEST" name="validateSuccess" finished-at="2022-08-29T16:19:52 AEST" duration-ms="3003" status="PASS">
          <reporter-output>
          </reporter-output>
        </test-method> <!-- validateSuccess -->
        <test-method is-config="true" signature="closeBrowser()[pri:0, instance:jupitortoystestcases.ContactPage@6572421]" started-at="2022-08-29T16:19:52 AEST" name="closeBrowser" finished-at="2022-08-29T16:19:52 AEST" duration-ms="311" status="PASS">
          <reporter-output>
          </reporter-output>
        </test-method> <!-- closeBrowser -->
        <test-method is-config="true" signature="openingBrowser()[pri:0, instance:jupitortoystestcases.ContactPage@6572421]" started-at="2022-08-29T16:19:52 AEST" name="openingBrowser" finished-at="2022-08-29T16:20:01 AEST" duration-ms="8968" status="PASS">
          <reporter-output>
          </reporter-output>
        </test-method> <!-- openingBrowser -->
        <test-method signature="validateSuccess()[pri:0, instance:jupitortoystestcases.ContactPage@6572421]" started-at="2022-08-29T16:20:01 AEST" name="validateSuccess" finished-at="2022-08-29T16:20:06 AEST" duration-ms="4567" status="PASS">
          <reporter-output>
          </reporter-output>
        </test-method> <!-- validateSuccess -->
        <test-method is-config="true" signature="closeBrowser()[pri:0, instance:jupitortoystestcases.ContactPage@6572421]" started-at="2022-08-29T16:20:06 AEST" name="closeBrowser" finished-at="2022-08-29T16:20:06 AEST" duration-ms="269" status="PASS">
          <reporter-output>
          </reporter-output>
        </test-method> <!-- closeBrowser -->
        <test-method is-config="true" signature="openingBrowser()[pri:0, instance:jupitortoystestcases.ContactPage@6572421]" started-at="2022-08-29T16:20:06 AEST" name="openingBrowser" finished-at="2022-08-29T16:20:14 AEST" duration-ms="8434" status="PASS">
          <reporter-output>
          </reporter-output>
        </test-method> <!-- openingBrowser -->
        <test-method signature="validateSuccess()[pri:0, instance:jupitortoystestcases.ContactPage@6572421]" started-at="2022-08-29T16:20:14 AEST" name="validateSuccess" finished-at="2022-08-29T16:20:16 AEST" duration-ms="1942" status="PASS">
          <reporter-output>
          </reporter-output>
        </test-method> <!-- validateSuccess -->
        <test-method is-config="true" signature="closeBrowser()[pri:0, instance:jupitortoystestcases.ContactPage@6572421]" started-at="2022-08-29T16:20:16 AEST" name="closeBrowser" finished-at="2022-08-29T16:20:17 AEST" duration-ms="273" status="PASS">
          <reporter-output>
          </reporter-output>
        </test-method> <!-- closeBrowser -->
        <test-method is-config="true" signature="openingBrowser()[pri:0, instance:jupitortoystestcases.ContactPage@6572421]" started-at="2022-08-29T16:20:17 AEST" name="openingBrowser" finished-at="2022-08-29T16:20:25 AEST" duration-ms="7975" status="PASS">
          <reporter-output>
          </reporter-output>
        </test-method> <!-- openingBrowser -->
        <test-method signature="validateSuccess()[pri:0, instance:jupitortoystestcases.ContactPage@6572421]" started-at="2022-08-29T16:20:25 AEST" name="validateSuccess" finished-at="2022-08-29T16:20:29 AEST" duration-ms="4014" status="PASS">
          <reporter-output>
          </reporter-output>
        </test-method> <!-- validateSuccess -->
        <test-method is-config="true" signature="closeBrowser()[pri:0, instance:jupitortoystestcases.ContactPage@6572421]" started-at="2022-08-29T16:20:29 AEST" name="closeBrowser" finished-at="2022-08-29T16:20:29 AEST" duration-ms="313" status="PASS">
          <reporter-output>
          </reporter-output>
        </test-method> <!-- closeBrowser -->
        <test-method is-config="true" signature="openingBrowser()[pri:0, instance:jupitortoystestcases.ContactPage@6572421]" started-at="2022-08-29T16:20:29 AEST" name="openingBrowser" finished-at="2022-08-29T16:20:37 AEST" duration-ms="8534" status="PASS">
          <reporter-output>
          </reporter-output>
        </test-method> <!-- openingBrowser -->
        <test-method signature="verifyingErrorMessages()[pri:0, instance:jupitortoystestcases.ContactPage@6572421]" started-at="2022-08-29T16:20:37 AEST" name="verifyingErrorMessages" finished-at="2022-08-29T16:23:09 AEST" duration-ms="151170" status="PASS">
          <reporter-output>
          </reporter-output>
        </test-method> <!-- verifyingErrorMessages -->
        <test-method is-config="true" signature="closeBrowser()[pri:0, instance:jupitortoystestcases.ContactPage@6572421]" started-at="2022-08-29T16:23:09 AEST" name="closeBrowser" finished-at="2022-08-29T16:23:09 AEST" duration-ms="353" status="PASS">
          <reporter-output>
          </reporter-output>
        </test-method> <!-- closeBrowser -->
      </class> <!-- jupitortoystestcases.ContactPage -->
      <class name="jupitortoystestcases.ShopPage">
        <test-method is-config="true" signature="openingBrowser()[pri:0, instance:jupitortoystestcases.ShopPage@55183b20]" started-at="2022-08-29T16:19:14 AEST" name="openingBrowser" finished-at="2022-08-29T16:19:34 AEST" duration-ms="20033" status="PASS">
          <reporter-output>
          </reporter-output>
        </test-method> <!-- openingBrowser -->
        <test-method signature="verifyingCartItems()[pri:0, instance:jupitortoystestcases.ShopPage@55183b20]" started-at="2022-08-29T16:19:34 AEST" name="verifyingCartItems" finished-at="2022-08-29T16:19:36 AEST" duration-ms="2577" status="PASS">
          <reporter-output>
          </reporter-output>
        </test-method> <!-- verifyingCartItems -->
        <test-method is-config="true" signature="closeBrowser()[pri:0, instance:jupitortoystestcases.ShopPage@55183b20]" started-at="2022-08-29T16:19:36 AEST" name="closeBrowser" finished-at="2022-08-29T16:19:37 AEST" duration-ms="309" status="PASS">
          <reporter-output>
          </reporter-output>
        </test-method> <!-- closeBrowser -->
      </class> <!-- jupitortoystestcases.ShopPage -->
    </test> <!-- Assessment -->
  </suite> <!-- planit -->
</testng-results>
