<?xml version="1.0" encoding="UTF-8"?>
<!-- Generated by org.testng.reporters.JUnitXMLReporter -->
<testsuite ignored="0" hostname="PL-AU-PF3Z6R40" failures="0" tests="7" name="Assessment" time="85.745" errors="0" timestamp="2022-08-26T09:02:56 AEST">
  <testcase classname="automation.testcases.Verifying_the_contact_page" name="validateErrors" time="0.854"/>
  <testcase classname="automation.testcases.Verifying_items_in_cart" name="verifying_Cart_Items" time="1.519"/>
  <testcase classname="automation.testcases.Validating_Thanks_Message" name="validateSuccess" time="2.271"/>
  <testcase classname="automation.testcases.Validating_Thanks_Message" name="validateSuccess" time="3.382"/>
  <testcase classname="automation.testcases.Validating_Thanks_Message" name="validateSuccess" time="4.808"/>
  <testcase classname="automation.testcases.Validating_Thanks_Message" name="validateSuccess" time="4.152"/>
  <testcase classname="automation.testcases.Validating_Thanks_Message" name="validateSuccess" time="14.495"/>
</testsuite> <!-- Assessment -->
