<?xml version="1.0" encoding="UTF-8"?>
<!-- Generated by org.testng.reporters.JUnitXMLReporter -->
<testsuite ignored="0" hostname="PL-AU-PF3Z6R40" failures="0" tests="7" name="Assessment" time="235.227" errors="0" timestamp="2022-08-29T16:23:09 AEST">
  <testcase classname="jupitortoystestcases.ShopPage" name="verifyingCartItems" time="2.577"/>
  <testcase classname="jupitortoystestcases.ContactPage" name="validateSuccess" time="5.706"/>
  <testcase classname="jupitortoystestcases.ContactPage" name="validateSuccess" time="3.003"/>
  <testcase classname="jupitortoystestcases.ContactPage" name="validateSuccess" time="4.567"/>
  <testcase classname="jupitortoystestcases.ContactPage" name="validateSuccess" time="1.942"/>
  <testcase classname="jupitortoystestcases.ContactPage" name="validateSuccess" time="4.014"/>
  <testcase classname="jupitortoystestcases.ContactPage" name="verifyingErrorMessages" time="151.17"/>
</testsuite> <!-- Assessment -->
